Arguments: 
  /Users/fangyang/.nvm/versions/node/v13.14.0/bin/node /Users/fangyang/.nvm/versions/node/v13.14.0/bin/yarn

PATH: 
  /Users/fangyang/.nvm/versions/node/v13.14.0/bin:/usr/local/bin:/usr/bin:/bin:/usr/sbin:/sbin:/Users/fangyang/.nvm/versions/node/v13.14.0/bin

Yarn version: 
  1.22.17

Node version: 
  13.14.0

Platform: 
  darwin x64

Trace: 
  Error: https://registry.npmmirror.com/@huyafed%2fwechatshare: [NOT_FOUND] @huyafed/wechatshare not found
      at Request.params.callback [as _callback] (/Users/fangyang/.nvm/versions/node/v13.14.0/lib/node_modules/yarn/lib/cli.js:67029:18)
      at Request.self.callback (/Users/fangyang/.nvm/versions/node/v13.14.0/lib/node_modules/yarn/lib/cli.js:140883:22)
      at Request.emit (events.js:315:20)
      at Request.<anonymous> (/Users/fangyang/.nvm/versions/node/v13.14.0/lib/node_modules/yarn/lib/cli.js:141855:10)
      at Request.emit (events.js:315:20)
      at Gunzip.<anonymous> (/Users/fangyang/.nvm/versions/node/v13.14.0/lib/node_modules/yarn/lib/cli.js:141777:12)
      at Object.onceWrapper (events.js:421:28)
      at Gunzip.emit (events.js:327:22)
      at endReadableNT (_stream_readable.js:1201:12)
      at processTicksAndRejections (internal/process/task_queues.js:84:21)

npm manifest: 
  {
    "name": "resume",
    "version": "1.0.0",
    "description": "方阳的个人简历",
    "main": "index.js",
    "author": "MrFangge",
    "license": "MIT",
    "scripts": {
      "dev": "cross-env NODE_ENV=development webpack serve --open --config  ./scripts/webpack.dev.js",
      "test": "cross-env NODE_ENV=development webpack --config ./scripts/webpack.prod.js",
      "build": "cross-env NODE_ENV=production webpack --config ./scripts/webpack.prod.js"
    },
    "devDependencies": {
      "@babel/core": "^7.16.0",
      "@babel/plugin-transform-runtime": "^7.16.4",
      "@babel/preset-env": "^7.16.4",
      "@babel/preset-react": "^7.16.0",
      "@babel/preset-typescript": "^7.16.0",
      "@huyafed/emoticon-parser": "^0.2.0",
      "@huyafed/openhuya": "^2.0.7",
      "@huyafed/taf-network": "^2.0.4",
      "@huyafed/tiger-utils": "^2.4.2",
      "@huyafed/web-signal-sdk": "^1.1.10",
      "@hy-hybrid/kiwi-js-sdk": "^0.1.87",
      "@types/react": "^17.0.37",
      "@types/react-dom": "^17.0.11",
      "autoprefixer": "^10.4.0",
      "babel-loader": "^8.2.3",
      "clean-webpack-plugin": "^4.0.0",
      "cross-env": "^7.0.3",
      "css-loader": "^6.5.1",
      "css-minimizer-webpack-plugin": "^3.2.0",
      "cssnano": "^5.0.12",
      "emoji-regex": "^10.0.0",
      "friendly-errors-webpack-plugin": "^1.7.0",
      "html-webpack-plugin": "^5.5.0",
      "html2canvas": "^1.3.3",
      "jsonp": "^0.2.1",
      "lottie-react": "^2.1.0",
      "mini-css-extract-plugin": "^2.4.5",
      "postcss": "^8.4.4",
      "postcss-loader": "^6.2.1",
      "prettier": "2.5.0",
      "prop-types": "^15.7.2",
      "px2rem-loader": "^0.1.9",
      "qrcode.react": "^1.0.1",
      "rc-danmaku": "^1.1.0",
      "react-lottie": "^1.2.3",
      "resolve-url-loader": "^4.0.0",
      "sass": "^1.44.0",
      "sass-loader": "^12.3.0",
      "typescript": "^4.5.2",
      "url-loader": "^4.1.1",
      "vconsole": "^3.10.1",
      "webpack": "^5.64.4",
      "webpack-cli": "^4.9.1",
      "webpack-dev-server": "^4.6.0"
    },
    "dependencies": {
      "@huyafed/wechatshare": "^1.0.8",
      "@hy-sentry/react": "^6.13.6",
      "@hy-sentry/tracing": "^6.13.6",
      "react": "^17.0.2",
      "react-dom": "^17.0.2",
      "vconsole-webpack-plugin": "^1.7.3"
    },
    "browserslist": [
      "last 2 version",
      "Firefox >= 15",
      "ie > 8"
    ]
  }

yarn manifest: 
  No manifest

Lockfile: 
  No lockfile
